18:06:51.470 [main] INFO  Test_Cases.Finding_Hospitals - -------- Validating demo button --------
18:06:51.677 [main] INFO  Test_Cases.Finding_Hospitals -  Validating demo button with incorrect details 
18:06:52.725 [main] INFO  Test_Cases.Finding_Hospitals -  clearing the previous data 
18:06:54.770 [main] INFO  Test_Cases.Finding_Hospitals -  Validating demo button with correct details 
18:08:21.661 [main] ERROR Test_Cases.Finding_Hospitals - Test Failed
15:07:32.254 [main] ERROR Test_Cases.Finding_Hospitals - Test Failed
16:14:02.041 [main] INFO  Test_Cases.Finding_Hospitals - --------Started--------
16:14:12.982 [main] INFO  Test_Cases.Finding_Hospitals -  Searching City 
16:14:17.693 [main] INFO  Test_Cases.Finding_Hospitals -  Searching dentists 
16:14:18.094 [main] INFO  Test_Cases.Finding_Hospitals - --------Appling Fiters--------
16:14:20.676 [main] INFO  Test_Cases.Finding_Hospitals -  Selecting 30+ Patient Stories 
16:14:24.218 [main] INFO  Test_Cases.Finding_Hospitals -  Selectong 10+ years experience 
16:14:27.265 [main] INFO  Test_Cases.Finding_Hospitals -  Selecting fee above 500 
16:14:30.245 [main] INFO  Test_Cases.Finding_Hospitals -  Selecting Doctors those who available tomorrow 
16:14:30.979 [main] INFO  Test_Cases.Finding_Hospitals - --------Sorting--------
16:14:34.617 [main] INFO  Test_Cases.Finding_Hospitals -  Sorting High to low 
16:14:58.327 [main] INFO  Test_Cases.Finding_Hospitals -  Getting top 5 Doctor details 
16:14:58.747 [main] INFO  Test_Cases.Finding_Hospitals - -------- Navigating To Surgeries Page --------
16:15:00.208 [main] INFO  Test_Cases.Finding_Hospitals -  Clicked on Surgeries button 
16:15:00.654 [main] INFO  Test_Cases.Finding_Hospitals -  Scrolling down to list of surgeries 
16:15:02.173 [main] INFO  Test_Cases.Finding_Hospitals -  Getting list of surgeries into a list 
16:15:02.480 [main] INFO  Test_Cases.Finding_Hospitals -  Scrolling back to top of the page 
16:15:02.880 [main] INFO  Test_Cases.Finding_Hospitals - -------- Navigating To Health and wellness Page --------
16:15:13.474 [main] INFO  Test_Cases.Finding_Hospitals -  Navigated to Health and wellness Page 
16:15:13.778 [main] INFO  Test_Cases.Finding_Hospitals - -------- Validating demo button --------
16:15:13.898 [main] INFO  Test_Cases.Finding_Hospitals -  Scrolling down to Schedule demo button 
16:15:14.235 [main] INFO  Test_Cases.Finding_Hospitals - -------- Validating demo button --------
16:15:14.954 [main] INFO  Test_Cases.Finding_Hospitals -  Entering incorrect detials to validate demo button 
16:15:15.276 [main] INFO  Test_Cases.Finding_Hospitals - -------- Validating demo button --------
16:15:15.369 [main] INFO  Test_Cases.Finding_Hospitals -  Validating demo button with incorrect details 
16:15:15.970 [main] INFO  Test_Cases.Finding_Hospitals -  clearing the previous data 
16:15:16.979 [main] INFO  Test_Cases.Finding_Hospitals -  Validating demo button with correct details 
16:15:29.236 [main] INFO  Test_Cases.Finding_Hospitals -  Verifying Thank you message 
17:59:18.825 [main] INFO  Test_Cases.Finding_Hospitals - --------Started--------
17:59:21.714 [main] INFO  Test_Cases.Finding_Hospitals -  Searching City 
17:59:26.497 [main] INFO  Test_Cases.Finding_Hospitals -  Searching dentists 
17:59:26.811 [main] INFO  Test_Cases.Finding_Hospitals - --------Appling Fiters--------
17:59:29.141 [main] INFO  Test_Cases.Finding_Hospitals -  Selecting 30+ Patient Stories 
17:59:32.313 [main] INFO  Test_Cases.Finding_Hospitals -  Selectong 10+ years experience 
17:59:35.213 [main] INFO  Test_Cases.Finding_Hospitals -  Selecting fee above 500 
17:59:38.569 [main] INFO  Test_Cases.Finding_Hospitals -  Selecting Doctors those who available tomorrow 
17:59:39.166 [main] INFO  Test_Cases.Finding_Hospitals - --------Sorting--------
17:59:43.049 [main] INFO  Test_Cases.Finding_Hospitals -  Sorting High to low 
18:00:09.232 [main] INFO  Test_Cases.Finding_Hospitals -  Getting top 5 Doctor details 
18:00:09.510 [main] INFO  Test_Cases.Finding_Hospitals - -------- Navigating To Surgeries Page --------
18:00:10.722 [main] INFO  Test_Cases.Finding_Hospitals -  Clicked on Surgeries button 
18:00:11.237 [main] INFO  Test_Cases.Finding_Hospitals -  Scrolling down to list of surgeries 
18:00:12.810 [main] INFO  Test_Cases.Finding_Hospitals -  Getting list of surgeries into a list 
18:00:13.138 [main] INFO  Test_Cases.Finding_Hospitals -  Scrolling back to top of the page 
18:00:13.670 [main] INFO  Test_Cases.Finding_Hospitals - -------- Navigating To Health and wellness Page --------
18:00:23.646 [main] INFO  Test_Cases.Finding_Hospitals -  Navigated to Health and wellness Page 
18:00:24.021 [main] INFO  Test_Cases.Finding_Hospitals - -------- Validating demo button --------
18:00:24.195 [main] INFO  Test_Cases.Finding_Hospitals -  Scrolling down to Schedule demo button 
18:00:24.663 [main] INFO  Test_Cases.Finding_Hospitals - -------- Validating demo button --------
